<?xml version="1.0" encoding="UTF-8"?>
<!-- Generated by org.testng.reporters.JUnitReportReporter -->
<testsuite skipped="0" hostname="DESKTOP-GDITGCI" name="ram.learning.jenkin.SampleSeleniumTest" tests="1" failures="0" timestamp="2020-04-16T11:03:34 EDT" time="6.407" errors="0">
  <testcase name="validateGoogleId" time="6.407" classname="ram.learning.jenkin.SampleSeleniumTest"/>
  <system-out/>
</testsuite> <!-- ram.learning.jenkin.SampleSeleniumTest -->
